<?xml version="1.0" encoding="UTF-8"?>
<!-- Generated by org.testng.reporters.JUnitXMLReporter -->
<testsuite ignored="0" hostname="DESKTOP-B3QEOQ7" failures="0" tests="2" name="Free CRM Test Cases" time="22.581" errors="0" timestamp="31 Jan. 2023 15:13:45 GMT">
  <testcase classname="com.crm.qa.testcases.ContactsPageTest" name="verifyContactsPageLabel" time="0.045"/>
  <testcase classname="com.crm.qa.testcases.LoginPageTest" name="loginPageTitleTest" time="0.008"/>
</testsuite> <!-- Free CRM Test Cases -->
